<?xml version="1.0" encoding="UTF-8"?>
<testsuite xmlns:xsi="http://www.w3.org/2001/XMLSchema-instance" xsi:noNamespaceSchemaLocation="https://maven.apache.org/surefire/maven-surefire-plugin/xsd/surefire-test-report.xsd" version="3.0.2" name="com.waxjx.largescale.LargescaleApplicationTests" time="2.575" tests="1" errors="0" skipped="0" failures="0">
  <properties>
    <property name="java.specification.version" value="18"/>
    <property name="sun.cpu.isalist" value="amd64"/>
    <property name="sun.jnu.encoding" value="GBK"/>
    <property name="java.class.path" value="F:\users\Desktop\zheda\大三下课程\大规模信息系统构建技术导论\Dubbo学习\largescale\target\test-classes;F:\users\Desktop\zheda\大三下课程\大规模信息系统构建技术导论\Dubbo学习\largescale\target\classes;F:\maven\apache-maven-3.9.9-bin\apache-maven-3.9.9\repository\org\springframework\boot\spring-boot-starter-web\3.4.4\spring-boot-starter-web-3.4.4.jar;F:\maven\apache-maven-3.9.9-bin\apache-maven-3.9.9\repository\org\springframework\boot\spring-boot-starter\3.4.4\spring-boot-starter-3.4.4.jar;F:\maven\apache-maven-3.9.9-bin\apache-maven-3.9.9\repository\org\springframework\boot\spring-boot\3.4.4\spring-boot-3.4.4.jar;F:\maven\apache-maven-3.9.9-bin\apache-maven-3.9.9\repository\org\springframework\boot\spring-boot-autoconfigure\3.4.4\spring-boot-autoconfigure-3.4.4.jar;F:\maven\apache-maven-3.9.9-bin\apache-maven-3.9.9\repository\org\springframework\boot\spring-boot-starter-logging\3.4.4\spring-boot-starter-logging-3.4.4.jar;F:\maven\apache-maven-3.9.9-bin\apache-maven-3.9.9\repository\org\apache\logging\log4j\log4j-to-slf4j\2.24.3\log4j-to-slf4j-2.24.3.jar;F:\maven\apache-maven-3.9.9-bin\apache-maven-3.9.9\repository\org\apache\logging\log4j\log4j-api\2.24.3\log4j-api-2.24.3.jar;F:\maven\apache-maven-3.9.9-bin\apache-maven-3.9.9\repository\org\slf4j\jul-to-slf4j\2.0.17\jul-to-slf4j-2.0.17.jar;F:\maven\apache-maven-3.9.9-bin\apache-maven-3.9.9\repository\jakarta\annotation\jakarta.annotation-api\2.1.1\jakarta.annotation-api-2.1.1.jar;F:\maven\apache-maven-3.9.9-bin\apache-maven-3.9.9\repository\org\yaml\snakeyaml\2.3\snakeyaml-2.3.jar;F:\maven\apache-maven-3.9.9-bin\apache-maven-3.9.9\repository\org\springframework\boot\spring-boot-starter-json\3.4.4\spring-boot-starter-json-3.4.4.jar;F:\maven\apache-maven-3.9.9-bin\apache-maven-3.9.9\repository\com\fasterxml\jackson\core\jackson-databind\2.18.3\jackson-databind-2.18.3.jar;F:\maven\apache-maven-3.9.9-bin\apache-maven-3.9.9\repository\com\fasterxml\jackson\core\jackson-annotations\2.18.3\jackson-annotations-2.18.3.jar;F:\maven\apache-maven-3.9.9-bin\apache-maven-3.9.9\repository\com\fasterxml\jackson\core\jackson-core\2.18.3\jackson-core-2.18.3.jar;F:\maven\apache-maven-3.9.9-bin\apache-maven-3.9.9\repository\com\fasterxml\jackson\datatype\jackson-datatype-jdk8\2.18.3\jackson-datatype-jdk8-2.18.3.jar;F:\maven\apache-maven-3.9.9-bin\apache-maven-3.9.9\repository\com\fasterxml\jackson\datatype\jackson-datatype-jsr310\2.18.3\jackson-datatype-jsr310-2.18.3.jar;F:\maven\apache-maven-3.9.9-bin\apache-maven-3.9.9\repository\com\fasterxml\jackson\module\jackson-module-parameter-names\2.18.3\jackson-module-parameter-names-2.18.3.jar;F:\maven\apache-maven-3.9.9-bin\apache-maven-3.9.9\repository\org\springframework\boot\spring-boot-starter-tomcat\3.4.4\spring-boot-starter-tomcat-3.4.4.jar;F:\maven\apache-maven-3.9.9-bin\apache-maven-3.9.9\repository\org\apache\tomcat\embed\tomcat-embed-core\10.1.39\tomcat-embed-core-10.1.39.jar;F:\maven\apache-maven-3.9.9-bin\apache-maven-3.9.9\repository\org\apache\tomcat\embed\tomcat-embed-el\10.1.39\tomcat-embed-el-10.1.39.jar;F:\maven\apache-maven-3.9.9-bin\apache-maven-3.9.9\repository\org\apache\tomcat\embed\tomcat-embed-websocket\10.1.39\tomcat-embed-websocket-10.1.39.jar;F:\maven\apache-maven-3.9.9-bin\apache-maven-3.9.9\repository\org\springframework\spring-web\6.2.5\spring-web-6.2.5.jar;F:\maven\apache-maven-3.9.9-bin\apache-maven-3.9.9\repository\org\springframework\spring-beans\6.2.5\spring-beans-6.2.5.jar;F:\maven\apache-maven-3.9.9-bin\apache-maven-3.9.9\repository\io\micrometer\micrometer-observation\1.14.5\micrometer-observation-1.14.5.jar;F:\maven\apache-maven-3.9.9-bin\apache-maven-3.9.9\repository\io\micrometer\micrometer-commons\1.14.5\micrometer-commons-1.14.5.jar;F:\maven\apache-maven-3.9.9-bin\apache-maven-3.9.9\repository\org\springframework\spring-webmvc\6.2.5\spring-webmvc-6.2.5.jar;F:\maven\apache-maven-3.9.9-bin\apache-maven-3.9.9\repository\org\springframework\spring-aop\6.2.5\spring-aop-6.2.5.jar;F:\maven\apache-maven-3.9.9-bin\apache-maven-3.9.9\repository\org\springframework\spring-context\6.2.5\spring-context-6.2.5.jar;F:\maven\apache-maven-3.9.9-bin\apache-maven-3.9.9\repository\org\springframework\spring-expression\6.2.5\spring-expression-6.2.5.jar;F:\maven\apache-maven-3.9.9-bin\apache-maven-3.9.9\repository\org\springframework\boot\spring-boot-starter-test\3.4.4\spring-boot-starter-test-3.4.4.jar;F:\maven\apache-maven-3.9.9-bin\apache-maven-3.9.9\repository\org\springframework\boot\spring-boot-test\3.4.4\spring-boot-test-3.4.4.jar;F:\maven\apache-maven-3.9.9-bin\apache-maven-3.9.9\repository\org\springframework\boot\spring-boot-test-autoconfigure\3.4.4\spring-boot-test-autoconfigure-3.4.4.jar;F:\maven\apache-maven-3.9.9-bin\apache-maven-3.9.9\repository\com\jayway\jsonpath\json-path\2.9.0\json-path-2.9.0.jar;F:\maven\apache-maven-3.9.9-bin\apache-maven-3.9.9\repository\jakarta\xml\bind\jakarta.xml.bind-api\4.0.2\jakarta.xml.bind-api-4.0.2.jar;F:\maven\apache-maven-3.9.9-bin\apache-maven-3.9.9\repository\jakarta\activation\jakarta.activation-api\2.1.3\jakarta.activation-api-2.1.3.jar;F:\maven\apache-maven-3.9.9-bin\apache-maven-3.9.9\repository\net\minidev\json-smart\2.5.2\json-smart-2.5.2.jar;F:\maven\apache-maven-3.9.9-bin\apache-maven-3.9.9\repository\net\minidev\accessors-smart\2.5.2\accessors-smart-2.5.2.jar;F:\maven\apache-maven-3.9.9-bin\apache-maven-3.9.9\repository\org\ow2\asm\asm\9.7.1\asm-9.7.1.jar;F:\maven\apache-maven-3.9.9-bin\apache-maven-3.9.9\repository\org\assertj\assertj-core\3.26.3\assertj-core-3.26.3.jar;F:\maven\apache-maven-3.9.9-bin\apache-maven-3.9.9\repository\net\bytebuddy\byte-buddy\1.15.11\byte-buddy-1.15.11.jar;F:\maven\apache-maven-3.9.9-bin\apache-maven-3.9.9\repository\org\awaitility\awaitility\4.2.2\awaitility-4.2.2.jar;F:\maven\apache-maven-3.9.9-bin\apache-maven-3.9.9\repository\org\hamcrest\hamcrest\2.2\hamcrest-2.2.jar;F:\maven\apache-maven-3.9.9-bin\apache-maven-3.9.9\repository\org\junit\jupiter\junit-jupiter\5.11.4\junit-jupiter-5.11.4.jar;F:\maven\apache-maven-3.9.9-bin\apache-maven-3.9.9\repository\org\junit\jupiter\junit-jupiter-api\5.11.4\junit-jupiter-api-5.11.4.jar;F:\maven\apache-maven-3.9.9-bin\apache-maven-3.9.9\repository\org\opentest4j\opentest4j\1.3.0\opentest4j-1.3.0.jar;F:\maven\apache-maven-3.9.9-bin\apache-maven-3.9.9\repository\org\junit\platform\junit-platform-commons\1.11.4\junit-platform-commons-1.11.4.jar;F:\maven\apache-maven-3.9.9-bin\apache-maven-3.9.9\repository\org\apiguardian\apiguardian-api\1.1.2\apiguardian-api-1.1.2.jar;F:\maven\apache-maven-3.9.9-bin\apache-maven-3.9.9\repository\org\junit\jupiter\junit-jupiter-params\5.11.4\junit-jupiter-params-5.11.4.jar;F:\maven\apache-maven-3.9.9-bin\apache-maven-3.9.9\repository\org\junit\jupiter\junit-jupiter-engine\5.11.4\junit-jupiter-engine-5.11.4.jar;F:\maven\apache-maven-3.9.9-bin\apache-maven-3.9.9\repository\org\junit\platform\junit-platform-engine\1.11.4\junit-platform-engine-1.11.4.jar;F:\maven\apache-maven-3.9.9-bin\apache-maven-3.9.9\repository\org\mockito\mockito-core\5.14.2\mockito-core-5.14.2.jar;F:\maven\apache-maven-3.9.9-bin\apache-maven-3.9.9\repository\net\bytebuddy\byte-buddy-agent\1.15.11\byte-buddy-agent-1.15.11.jar;F:\maven\apache-maven-3.9.9-bin\apache-maven-3.9.9\repository\org\objenesis\objenesis\3.3\objenesis-3.3.jar;F:\maven\apache-maven-3.9.9-bin\apache-maven-3.9.9\repository\org\mockito\mockito-junit-jupiter\5.14.2\mockito-junit-jupiter-5.14.2.jar;F:\maven\apache-maven-3.9.9-bin\apache-maven-3.9.9\repository\org\skyscreamer\jsonassert\1.5.3\jsonassert-1.5.3.jar;F:\maven\apache-maven-3.9.9-bin\apache-maven-3.9.9\repository\com\vaadin\external\google\android-json\0.0.20131108.vaadin1\android-json-0.0.20131108.vaadin1.jar;F:\maven\apache-maven-3.9.9-bin\apache-maven-3.9.9\repository\org\springframework\spring-core\6.2.5\spring-core-6.2.5.jar;F:\maven\apache-maven-3.9.9-bin\apache-maven-3.9.9\repository\org\springframework\spring-jcl\6.2.5\spring-jcl-6.2.5.jar;F:\maven\apache-maven-3.9.9-bin\apache-maven-3.9.9\repository\org\springframework\spring-test\6.2.5\spring-test-6.2.5.jar;F:\maven\apache-maven-3.9.9-bin\apache-maven-3.9.9\repository\org\xmlunit\xmlunit-core\2.10.0\xmlunit-core-2.10.0.jar;F:\maven\apache-maven-3.9.9-bin\apache-maven-3.9.9\repository\org\mybatis\spring\boot\mybatis-spring-boot-starter\3.0.4\mybatis-spring-boot-starter-3.0.4.jar;F:\maven\apache-maven-3.9.9-bin\apache-maven-3.9.9\repository\org\springframework\boot\spring-boot-starter-jdbc\3.4.4\spring-boot-starter-jdbc-3.4.4.jar;F:\maven\apache-maven-3.9.9-bin\apache-maven-3.9.9\repository\com\zaxxer\HikariCP\5.1.0\HikariCP-5.1.0.jar;F:\maven\apache-maven-3.9.9-bin\apache-maven-3.9.9\repository\org\springframework\spring-jdbc\6.2.5\spring-jdbc-6.2.5.jar;F:\maven\apache-maven-3.9.9-bin\apache-maven-3.9.9\repository\org\springframework\spring-tx\6.2.5\spring-tx-6.2.5.jar;F:\maven\apache-maven-3.9.9-bin\apache-maven-3.9.9\repository\org\mybatis\spring\boot\mybatis-spring-boot-autoconfigure\3.0.4\mybatis-spring-boot-autoconfigure-3.0.4.jar;F:\maven\apache-maven-3.9.9-bin\apache-maven-3.9.9\repository\org\mybatis\mybatis\3.5.17\mybatis-3.5.17.jar;F:\maven\apache-maven-3.9.9-bin\apache-maven-3.9.9\repository\org\mybatis\mybatis-spring\3.0.4\mybatis-spring-3.0.4.jar;F:\maven\apache-maven-3.9.9-bin\apache-maven-3.9.9\repository\org\apache\curator\curator-framework\5.5.0\curator-framework-5.5.0.jar;F:\maven\apache-maven-3.9.9-bin\apache-maven-3.9.9\repository\org\apache\curator\curator-client\5.5.0\curator-client-5.5.0.jar;F:\maven\apache-maven-3.9.9-bin\apache-maven-3.9.9\repository\com\google\guava\guava\31.1-jre\guava-31.1-jre.jar;F:\maven\apache-maven-3.9.9-bin\apache-maven-3.9.9\repository\com\google\guava\failureaccess\1.0.1\failureaccess-1.0.1.jar;F:\maven\apache-maven-3.9.9-bin\apache-maven-3.9.9\repository\com\google\guava\listenablefuture\9999.0-empty-to-avoid-conflict-with-guava\listenablefuture-9999.0-empty-to-avoid-conflict-with-guava.jar;F:\maven\apache-maven-3.9.9-bin\apache-maven-3.9.9\repository\com\google\code\findbugs\jsr305\3.0.2\jsr305-3.0.2.jar;F:\maven\apache-maven-3.9.9-bin\apache-maven-3.9.9\repository\org\checkerframework\checker-qual\3.12.0\checker-qual-3.12.0.jar;F:\maven\apache-maven-3.9.9-bin\apache-maven-3.9.9\repository\com\google\errorprone\error_prone_annotations\2.11.0\error_prone_annotations-2.11.0.jar;F:\maven\apache-maven-3.9.9-bin\apache-maven-3.9.9\repository\com\google\j2objc\j2objc-annotations\1.3\j2objc-annotations-1.3.jar;F:\maven\apache-maven-3.9.9-bin\apache-maven-3.9.9\repository\org\apache\curator\curator-recipes\5.5.0\curator-recipes-5.5.0.jar;F:\maven\apache-maven-3.9.9-bin\apache-maven-3.9.9\repository\mysql\mysql-connector-java\8.0.30\mysql-connector-java-8.0.30.jar;F:\maven\apache-maven-3.9.9-bin\apache-maven-3.9.9\repository\com\google\protobuf\protobuf-java\3.19.4\protobuf-java-3.19.4.jar;F:\maven\apache-maven-3.9.9-bin\apache-maven-3.9.9\repository\org\apache\zookeeper\zookeeper\3.8.4\zookeeper-3.8.4.jar;F:\maven\apache-maven-3.9.9-bin\apache-maven-3.9.9\repository\org\apache\zookeeper\zookeeper-jute\3.8.4\zookeeper-jute-3.8.4.jar;F:\maven\apache-maven-3.9.9-bin\apache-maven-3.9.9\repository\org\apache\yetus\audience-annotations\0.12.0\audience-annotations-0.12.0.jar;F:\maven\apache-maven-3.9.9-bin\apache-maven-3.9.9\repository\io\netty\netty-handler\4.1.119.Final\netty-handler-4.1.119.Final.jar;F:\maven\apache-maven-3.9.9-bin\apache-maven-3.9.9\repository\io\netty\netty-common\4.1.119.Final\netty-common-4.1.119.Final.jar;F:\maven\apache-maven-3.9.9-bin\apache-maven-3.9.9\repository\io\netty\netty-resolver\4.1.119.Final\netty-resolver-4.1.119.Final.jar;F:\maven\apache-maven-3.9.9-bin\apache-maven-3.9.9\repository\io\netty\netty-buffer\4.1.119.Final\netty-buffer-4.1.119.Final.jar;F:\maven\apache-maven-3.9.9-bin\apache-maven-3.9.9\repository\io\netty\netty-transport\4.1.119.Final\netty-transport-4.1.119.Final.jar;F:\maven\apache-maven-3.9.9-bin\apache-maven-3.9.9\repository\io\netty\netty-transport-native-unix-common\4.1.119.Final\netty-transport-native-unix-common-4.1.119.Final.jar;F:\maven\apache-maven-3.9.9-bin\apache-maven-3.9.9\repository\io\netty\netty-codec\4.1.119.Final\netty-codec-4.1.119.Final.jar;F:\maven\apache-maven-3.9.9-bin\apache-maven-3.9.9\repository\io\netty\netty-transport-native-epoll\4.1.119.Final\netty-transport-native-epoll-4.1.119.Final.jar;F:\maven\apache-maven-3.9.9-bin\apache-maven-3.9.9\repository\io\netty\netty-transport-classes-epoll\4.1.119.Final\netty-transport-classes-epoll-4.1.119.Final.jar;F:\maven\apache-maven-3.9.9-bin\apache-maven-3.9.9\repository\org\slf4j\slf4j-api\2.0.17\slf4j-api-2.0.17.jar;F:\maven\apache-maven-3.9.9-bin\apache-maven-3.9.9\repository\ch\qos\logback\logback-core\1.5.18\logback-core-1.5.18.jar;F:\maven\apache-maven-3.9.9-bin\apache-maven-3.9.9\repository\ch\qos\logback\logback-classic\1.5.18\logback-classic-1.5.18.jar;F:\maven\apache-maven-3.9.9-bin\apache-maven-3.9.9\repository\commons-io\commons-io\2.11.0\commons-io-2.11.0.jar;"/>
    <property name="java.vm.vendor" value="Oracle Corporation"/>
    <property name="sun.arch.data.model" value="64"/>
    <property name="user.variant" value=""/>
    <property name="java.vendor.url" value="https://java.oracle.com/"/>
    <property name="user.timezone" value="Asia/Shanghai"/>
    <property name="os.name" value="Windows 11"/>
    <property name="java.vm.specification.version" value="18"/>
    <property name="APPLICATION_NAME" value="largescale"/>
    <property name="sun.java.launcher" value="SUN_STANDARD"/>
    <property name="user.country" value="CN"/>
    <property name="sun.boot.library.path" value="F:\Java\jdk-18\bin"/>
    <property name="sun.java.command" value="C:\Users\ASUS\AppData\Local\Temp\surefire9822756502571076091\surefirebooter-20250502150503269_3.jar C:\Users\ASUS\AppData\Local\Temp\surefire9822756502571076091 2025-05-02T15-05-03_173-jvmRun1 surefire-20250502150503269_1tmp surefire_0-20250502150503269_2tmp"/>
    <property name="jdk.debug" value="release"/>
    <property name="surefire.test.class.path" value="F:\users\Desktop\zheda\大三下课程\大规模信息系统构建技术导论\Dubbo学习\largescale\target\test-classes;F:\users\Desktop\zheda\大三下课程\大规模信息系统构建技术导论\Dubbo学习\largescale\target\classes;F:\maven\apache-maven-3.9.9-bin\apache-maven-3.9.9\repository\org\springframework\boot\spring-boot-starter-web\3.4.4\spring-boot-starter-web-3.4.4.jar;F:\maven\apache-maven-3.9.9-bin\apache-maven-3.9.9\repository\org\springframework\boot\spring-boot-starter\3.4.4\spring-boot-starter-3.4.4.jar;F:\maven\apache-maven-3.9.9-bin\apache-maven-3.9.9\repository\org\springframework\boot\spring-boot\3.4.4\spring-boot-3.4.4.jar;F:\maven\apache-maven-3.9.9-bin\apache-maven-3.9.9\repository\org\springframework\boot\spring-boot-autoconfigure\3.4.4\spring-boot-autoconfigure-3.4.4.jar;F:\maven\apache-maven-3.9.9-bin\apache-maven-3.9.9\repository\org\springframework\boot\spring-boot-starter-logging\3.4.4\spring-boot-starter-logging-3.4.4.jar;F:\maven\apache-maven-3.9.9-bin\apache-maven-3.9.9\repository\org\apache\logging\log4j\log4j-to-slf4j\2.24.3\log4j-to-slf4j-2.24.3.jar;F:\maven\apache-maven-3.9.9-bin\apache-maven-3.9.9\repository\org\apache\logging\log4j\log4j-api\2.24.3\log4j-api-2.24.3.jar;F:\maven\apache-maven-3.9.9-bin\apache-maven-3.9.9\repository\org\slf4j\jul-to-slf4j\2.0.17\jul-to-slf4j-2.0.17.jar;F:\maven\apache-maven-3.9.9-bin\apache-maven-3.9.9\repository\jakarta\annotation\jakarta.annotation-api\2.1.1\jakarta.annotation-api-2.1.1.jar;F:\maven\apache-maven-3.9.9-bin\apache-maven-3.9.9\repository\org\yaml\snakeyaml\2.3\snakeyaml-2.3.jar;F:\maven\apache-maven-3.9.9-bin\apache-maven-3.9.9\repository\org\springframework\boot\spring-boot-starter-json\3.4.4\spring-boot-starter-json-3.4.4.jar;F:\maven\apache-maven-3.9.9-bin\apache-maven-3.9.9\repository\com\fasterxml\jackson\core\jackson-databind\2.18.3\jackson-databind-2.18.3.jar;F:\maven\apache-maven-3.9.9-bin\apache-maven-3.9.9\repository\com\fasterxml\jackson\core\jackson-annotations\2.18.3\jackson-annotations-2.18.3.jar;F:\maven\apache-maven-3.9.9-bin\apache-maven-3.9.9\repository\com\fasterxml\jackson\core\jackson-core\2.18.3\jackson-core-2.18.3.jar;F:\maven\apache-maven-3.9.9-bin\apache-maven-3.9.9\repository\com\fasterxml\jackson\datatype\jackson-datatype-jdk8\2.18.3\jackson-datatype-jdk8-2.18.3.jar;F:\maven\apache-maven-3.9.9-bin\apache-maven-3.9.9\repository\com\fasterxml\jackson\datatype\jackson-datatype-jsr310\2.18.3\jackson-datatype-jsr310-2.18.3.jar;F:\maven\apache-maven-3.9.9-bin\apache-maven-3.9.9\repository\com\fasterxml\jackson\module\jackson-module-parameter-names\2.18.3\jackson-module-parameter-names-2.18.3.jar;F:\maven\apache-maven-3.9.9-bin\apache-maven-3.9.9\repository\org\springframework\boot\spring-boot-starter-tomcat\3.4.4\spring-boot-starter-tomcat-3.4.4.jar;F:\maven\apache-maven-3.9.9-bin\apache-maven-3.9.9\repository\org\apache\tomcat\embed\tomcat-embed-core\10.1.39\tomcat-embed-core-10.1.39.jar;F:\maven\apache-maven-3.9.9-bin\apache-maven-3.9.9\repository\org\apache\tomcat\embed\tomcat-embed-el\10.1.39\tomcat-embed-el-10.1.39.jar;F:\maven\apache-maven-3.9.9-bin\apache-maven-3.9.9\repository\org\apache\tomcat\embed\tomcat-embed-websocket\10.1.39\tomcat-embed-websocket-10.1.39.jar;F:\maven\apache-maven-3.9.9-bin\apache-maven-3.9.9\repository\org\springframework\spring-web\6.2.5\spring-web-6.2.5.jar;F:\maven\apache-maven-3.9.9-bin\apache-maven-3.9.9\repository\org\springframework\spring-beans\6.2.5\spring-beans-6.2.5.jar;F:\maven\apache-maven-3.9.9-bin\apache-maven-3.9.9\repository\io\micrometer\micrometer-observation\1.14.5\micrometer-observation-1.14.5.jar;F:\maven\apache-maven-3.9.9-bin\apache-maven-3.9.9\repository\io\micrometer\micrometer-commons\1.14.5\micrometer-commons-1.14.5.jar;F:\maven\apache-maven-3.9.9-bin\apache-maven-3.9.9\repository\org\springframework\spring-webmvc\6.2.5\spring-webmvc-6.2.5.jar;F:\maven\apache-maven-3.9.9-bin\apache-maven-3.9.9\repository\org\springframework\spring-aop\6.2.5\spring-aop-6.2.5.jar;F:\maven\apache-maven-3.9.9-bin\apache-maven-3.9.9\repository\org\springframework\spring-context\6.2.5\spring-context-6.2.5.jar;F:\maven\apache-maven-3.9.9-bin\apache-maven-3.9.9\repository\org\springframework\spring-expression\6.2.5\spring-expression-6.2.5.jar;F:\maven\apache-maven-3.9.9-bin\apache-maven-3.9.9\repository\org\springframework\boot\spring-boot-starter-test\3.4.4\spring-boot-starter-test-3.4.4.jar;F:\maven\apache-maven-3.9.9-bin\apache-maven-3.9.9\repository\org\springframework\boot\spring-boot-test\3.4.4\spring-boot-test-3.4.4.jar;F:\maven\apache-maven-3.9.9-bin\apache-maven-3.9.9\repository\org\springframework\boot\spring-boot-test-autoconfigure\3.4.4\spring-boot-test-autoconfigure-3.4.4.jar;F:\maven\apache-maven-3.9.9-bin\apache-maven-3.9.9\repository\com\jayway\jsonpath\json-path\2.9.0\json-path-2.9.0.jar;F:\maven\apache-maven-3.9.9-bin\apache-maven-3.9.9\repository\jakarta\xml\bind\jakarta.xml.bind-api\4.0.2\jakarta.xml.bind-api-4.0.2.jar;F:\maven\apache-maven-3.9.9-bin\apache-maven-3.9.9\repository\jakarta\activation\jakarta.activation-api\2.1.3\jakarta.activation-api-2.1.3.jar;F:\maven\apache-maven-3.9.9-bin\apache-maven-3.9.9\repository\net\minidev\json-smart\2.5.2\json-smart-2.5.2.jar;F:\maven\apache-maven-3.9.9-bin\apache-maven-3.9.9\repository\net\minidev\accessors-smart\2.5.2\accessors-smart-2.5.2.jar;F:\maven\apache-maven-3.9.9-bin\apache-maven-3.9.9\repository\org\ow2\asm\asm\9.7.1\asm-9.7.1.jar;F:\maven\apache-maven-3.9.9-bin\apache-maven-3.9.9\repository\org\assertj\assertj-core\3.26.3\assertj-core-3.26.3.jar;F:\maven\apache-maven-3.9.9-bin\apache-maven-3.9.9\repository\net\bytebuddy\byte-buddy\1.15.11\byte-buddy-1.15.11.jar;F:\maven\apache-maven-3.9.9-bin\apache-maven-3.9.9\repository\org\awaitility\awaitility\4.2.2\awaitility-4.2.2.jar;F:\maven\apache-maven-3.9.9-bin\apache-maven-3.9.9\repository\org\hamcrest\hamcrest\2.2\hamcrest-2.2.jar;F:\maven\apache-maven-3.9.9-bin\apache-maven-3.9.9\repository\org\junit\jupiter\junit-jupiter\5.11.4\junit-jupiter-5.11.4.jar;F:\maven\apache-maven-3.9.9-bin\apache-maven-3.9.9\repository\org\junit\jupiter\junit-jupiter-api\5.11.4\junit-jupiter-api-5.11.4.jar;F:\maven\apache-maven-3.9.9-bin\apache-maven-3.9.9\repository\org\opentest4j\opentest4j\1.3.0\opentest4j-1.3.0.jar;F:\maven\apache-maven-3.9.9-bin\apache-maven-3.9.9\repository\org\junit\platform\junit-platform-commons\1.11.4\junit-platform-commons-1.11.4.jar;F:\maven\apache-maven-3.9.9-bin\apache-maven-3.9.9\repository\org\apiguardian\apiguardian-api\1.1.2\apiguardian-api-1.1.2.jar;F:\maven\apache-maven-3.9.9-bin\apache-maven-3.9.9\repository\org\junit\jupiter\junit-jupiter-params\5.11.4\junit-jupiter-params-5.11.4.jar;F:\maven\apache-maven-3.9.9-bin\apache-maven-3.9.9\repository\org\junit\jupiter\junit-jupiter-engine\5.11.4\junit-jupiter-engine-5.11.4.jar;F:\maven\apache-maven-3.9.9-bin\apache-maven-3.9.9\repository\org\junit\platform\junit-platform-engine\1.11.4\junit-platform-engine-1.11.4.jar;F:\maven\apache-maven-3.9.9-bin\apache-maven-3.9.9\repository\org\mockito\mockito-core\5.14.2\mockito-core-5.14.2.jar;F:\maven\apache-maven-3.9.9-bin\apache-maven-3.9.9\repository\net\bytebuddy\byte-buddy-agent\1.15.11\byte-buddy-agent-1.15.11.jar;F:\maven\apache-maven-3.9.9-bin\apache-maven-3.9.9\repository\org\objenesis\objenesis\3.3\objenesis-3.3.jar;F:\maven\apache-maven-3.9.9-bin\apache-maven-3.9.9\repository\org\mockito\mockito-junit-jupiter\5.14.2\mockito-junit-jupiter-5.14.2.jar;F:\maven\apache-maven-3.9.9-bin\apache-maven-3.9.9\repository\org\skyscreamer\jsonassert\1.5.3\jsonassert-1.5.3.jar;F:\maven\apache-maven-3.9.9-bin\apache-maven-3.9.9\repository\com\vaadin\external\google\android-json\0.0.20131108.vaadin1\android-json-0.0.20131108.vaadin1.jar;F:\maven\apache-maven-3.9.9-bin\apache-maven-3.9.9\repository\org\springframework\spring-core\6.2.5\spring-core-6.2.5.jar;F:\maven\apache-maven-3.9.9-bin\apache-maven-3.9.9\repository\org\springframework\spring-jcl\6.2.5\spring-jcl-6.2.5.jar;F:\maven\apache-maven-3.9.9-bin\apache-maven-3.9.9\repository\org\springframework\spring-test\6.2.5\spring-test-6.2.5.jar;F:\maven\apache-maven-3.9.9-bin\apache-maven-3.9.9\repository\org\xmlunit\xmlunit-core\2.10.0\xmlunit-core-2.10.0.jar;F:\maven\apache-maven-3.9.9-bin\apache-maven-3.9.9\repository\org\mybatis\spring\boot\mybatis-spring-boot-starter\3.0.4\mybatis-spring-boot-starter-3.0.4.jar;F:\maven\apache-maven-3.9.9-bin\apache-maven-3.9.9\repository\org\springframework\boot\spring-boot-starter-jdbc\3.4.4\spring-boot-starter-jdbc-3.4.4.jar;F:\maven\apache-maven-3.9.9-bin\apache-maven-3.9.9\repository\com\zaxxer\HikariCP\5.1.0\HikariCP-5.1.0.jar;F:\maven\apache-maven-3.9.9-bin\apache-maven-3.9.9\repository\org\springframework\spring-jdbc\6.2.5\spring-jdbc-6.2.5.jar;F:\maven\apache-maven-3.9.9-bin\apache-maven-3.9.9\repository\org\springframework\spring-tx\6.2.5\spring-tx-6.2.5.jar;F:\maven\apache-maven-3.9.9-bin\apache-maven-3.9.9\repository\org\mybatis\spring\boot\mybatis-spring-boot-autoconfigure\3.0.4\mybatis-spring-boot-autoconfigure-3.0.4.jar;F:\maven\apache-maven-3.9.9-bin\apache-maven-3.9.9\repository\org\mybatis\mybatis\3.5.17\mybatis-3.5.17.jar;F:\maven\apache-maven-3.9.9-bin\apache-maven-3.9.9\repository\org\mybatis\mybatis-spring\3.0.4\mybatis-spring-3.0.4.jar;F:\maven\apache-maven-3.9.9-bin\apache-maven-3.9.9\repository\org\apache\curator\curator-framework\5.5.0\curator-framework-5.5.0.jar;F:\maven\apache-maven-3.9.9-bin\apache-maven-3.9.9\repository\org\apache\curator\curator-client\5.5.0\curator-client-5.5.0.jar;F:\maven\apache-maven-3.9.9-bin\apache-maven-3.9.9\repository\com\google\guava\guava\31.1-jre\guava-31.1-jre.jar;F:\maven\apache-maven-3.9.9-bin\apache-maven-3.9.9\repository\com\google\guava\failureaccess\1.0.1\failureaccess-1.0.1.jar;F:\maven\apache-maven-3.9.9-bin\apache-maven-3.9.9\repository\com\google\guava\listenablefuture\9999.0-empty-to-avoid-conflict-with-guava\listenablefuture-9999.0-empty-to-avoid-conflict-with-guava.jar;F:\maven\apache-maven-3.9.9-bin\apache-maven-3.9.9\repository\com\google\code\findbugs\jsr305\3.0.2\jsr305-3.0.2.jar;F:\maven\apache-maven-3.9.9-bin\apache-maven-3.9.9\repository\org\checkerframework\checker-qual\3.12.0\checker-qual-3.12.0.jar;F:\maven\apache-maven-3.9.9-bin\apache-maven-3.9.9\repository\com\google\errorprone\error_prone_annotations\2.11.0\error_prone_annotations-2.11.0.jar;F:\maven\apache-maven-3.9.9-bin\apache-maven-3.9.9\repository\com\google\j2objc\j2objc-annotations\1.3\j2objc-annotations-1.3.jar;F:\maven\apache-maven-3.9.9-bin\apache-maven-3.9.9\repository\org\apache\curator\curator-recipes\5.5.0\curator-recipes-5.5.0.jar;F:\maven\apache-maven-3.9.9-bin\apache-maven-3.9.9\repository\mysql\mysql-connector-java\8.0.30\mysql-connector-java-8.0.30.jar;F:\maven\apache-maven-3.9.9-bin\apache-maven-3.9.9\repository\com\google\protobuf\protobuf-java\3.19.4\protobuf-java-3.19.4.jar;F:\maven\apache-maven-3.9.9-bin\apache-maven-3.9.9\repository\org\apache\zookeeper\zookeeper\3.8.4\zookeeper-3.8.4.jar;F:\maven\apache-maven-3.9.9-bin\apache-maven-3.9.9\repository\org\apache\zookeeper\zookeeper-jute\3.8.4\zookeeper-jute-3.8.4.jar;F:\maven\apache-maven-3.9.9-bin\apache-maven-3.9.9\repository\org\apache\yetus\audience-annotations\0.12.0\audience-annotations-0.12.0.jar;F:\maven\apache-maven-3.9.9-bin\apache-maven-3.9.9\repository\io\netty\netty-handler\4.1.119.Final\netty-handler-4.1.119.Final.jar;F:\maven\apache-maven-3.9.9-bin\apache-maven-3.9.9\repository\io\netty\netty-common\4.1.119.Final\netty-common-4.1.119.Final.jar;F:\maven\apache-maven-3.9.9-bin\apache-maven-3.9.9\repository\io\netty\netty-resolver\4.1.119.Final\netty-resolver-4.1.119.Final.jar;F:\maven\apache-maven-3.9.9-bin\apache-maven-3.9.9\repository\io\netty\netty-buffer\4.1.119.Final\netty-buffer-4.1.119.Final.jar;F:\maven\apache-maven-3.9.9-bin\apache-maven-3.9.9\repository\io\netty\netty-transport\4.1.119.Final\netty-transport-4.1.119.Final.jar;F:\maven\apache-maven-3.9.9-bin\apache-maven-3.9.9\repository\io\netty\netty-transport-native-unix-common\4.1.119.Final\netty-transport-native-unix-common-4.1.119.Final.jar;F:\maven\apache-maven-3.9.9-bin\apache-maven-3.9.9\repository\io\netty\netty-codec\4.1.119.Final\netty-codec-4.1.119.Final.jar;F:\maven\apache-maven-3.9.9-bin\apache-maven-3.9.9\repository\io\netty\netty-transport-native-epoll\4.1.119.Final\netty-transport-native-epoll-4.1.119.Final.jar;F:\maven\apache-maven-3.9.9-bin\apache-maven-3.9.9\repository\io\netty\netty-transport-classes-epoll\4.1.119.Final\netty-transport-classes-epoll-4.1.119.Final.jar;F:\maven\apache-maven-3.9.9-bin\apache-maven-3.9.9\repository\org\slf4j\slf4j-api\2.0.17\slf4j-api-2.0.17.jar;F:\maven\apache-maven-3.9.9-bin\apache-maven-3.9.9\repository\ch\qos\logback\logback-core\1.5.18\logback-core-1.5.18.jar;F:\maven\apache-maven-3.9.9-bin\apache-maven-3.9.9\repository\ch\qos\logback\logback-classic\1.5.18\logback-classic-1.5.18.jar;F:\maven\apache-maven-3.9.9-bin\apache-maven-3.9.9\repository\commons-io\commons-io\2.11.0\commons-io-2.11.0.jar;"/>
    <property name="sun.cpu.endian" value="little"/>
    <property name="user.home" value="C:\Users\ASUS"/>
    <property name="user.language" value="zh"/>
    <property name="java.specification.vendor" value="Oracle Corporation"/>
    <property name="java.version.date" value="2022-08-18"/>
    <property name="java.home" value="F:\Java\jdk-18"/>
    <property name="file.separator" value="\"/>
    <property name="basedir" value="F:\users\Desktop\zheda\大三下课程\大规模信息系统构建技术导论\Dubbo学习\largescale"/>
    <property name="java.vm.compressedOopsMode" value="Zero based"/>
    <property name="line.separator" value="&#10;"/>
    <property name="java.vm.specification.vendor" value="Oracle Corporation"/>
    <property name="java.specification.name" value="Java Platform API Specification"/>
    <property name="FILE_LOG_CHARSET" value="UTF-8"/>
    <property name="java.awt.headless" value="true"/>
    <property name="surefire.real.class.path" value="C:\Users\ASUS\AppData\Local\Temp\surefire9822756502571076091\surefirebooter-20250502150503269_3.jar"/>
    <property name="user.script" value=""/>
    <property name="sun.management.compiler" value="HotSpot 64-Bit Tiered Compilers"/>
    <property name="java.runtime.version" value="18.0.2.1+1-1"/>
    <property name="user.name" value="ASUS"/>
    <property name="path.separator" value=";"/>
    <property name="os.version" value="10.0"/>
    <property name="java.runtime.name" value="Java(TM) SE Runtime Environment"/>
    <property name="file.encoding" value="UTF-8"/>
    <property name="java.vm.name" value="Java HotSpot(TM) 64-Bit Server VM"/>
    <property name="localRepository" value="F:\maven\apache-maven-3.9.9-bin\apache-maven-3.9.9\repository"/>
    <property name="java.vendor.url.bug" value="https://bugreport.java.com/bugreport/"/>
    <property name="java.io.tmpdir" value="C:\Users\ASUS\AppData\Local\Temp\"/>
    <property name="idea.version" value="2024.1.7"/>
    <property name="java.version" value="18.0.2.1"/>
    <property name="user.dir" value="F:\users\Desktop\zheda\大三下课程\大规模信息系统构建技术导论\Dubbo学习\largescale"/>
    <property name="os.arch" value="amd64"/>
    <property name="java.vm.specification.name" value="Java Virtual Machine Specification"/>
    <property name="PID" value="45492"/>
    <property name="sun.os.patch.level" value=""/>
    <property name="CONSOLE_LOG_CHARSET" value="UTF-8"/>
    <property name="native.encoding" value="GBK"/>
    <property name="java.library.path" value="F:\Java\jdk-18\bin;C:\WINDOWS\Sun\Java\bin;C:\WINDOWS\system32;C:\WINDOWS;C:\WINDOWS\system32;C:\WINDOWS;C:\WINDOWS\System32\Wbem;C:\WINDOWS\System32\WindowsPowerShell\v1.0\;C:\WINDOWS\System32\OpenSSH\;F:\Java\jdk-18\bin;D:\node environment\;C:\Program Files\dotnet\;C:\Program Files\Microsoft SQL Server\150\Tools\Binn\;C:\Program Files\Microsoft SQL Server\Client SDK\ODBC\170\Tools\Binn\;F:\Windows Kits\10\Windows Performance Toolkit\;F:\maven\apache-maven-3.9.9-bin\apache-maven-3.9.9\bin;C:\Program Files\Git\cmd;F:\Visual Studio\2022\Community\Common7\IDE\CommonExtensions\Microsoft\CMake\CMake\bin;F:\JMeter\apache-jmeter-5.6.3\bin;G:\MySQL\MySQL Installation\MySQL Enterprise Backup 3.8.2\;C:\Users\ASUS\AppData\Local\Microsoft\WindowsApps;;F:\Pycharm2020.1.3\PyCharm 2020.1.3\bin;;D:\ideaIU\IntelliJ IDEA 2024.1.7\bin;;C:\Users\ASUS\AppData\Roaming\npm;C:\Users\ASUS\.dotnet\tools;C:\Users\ASUS\AppData\Local\Programs\Microsoft VS Code\bin;F:\cursor\cursor\resources\app\bin;."/>
    <property name="java.vm.info" value="mixed mode, sharing"/>
    <property name="java.vendor" value="Oracle Corporation"/>
    <property name="java.vm.version" value="18.0.2.1+1-1"/>
    <property name="sun.io.unicode.encoding" value="UnicodeLittle"/>
    <property name="maven.repo.local" value="F:\maven\apache-maven-3.9.9-bin\apache-maven-3.9.9\repository"/>
    <property name="java.class.version" value="62.0"/>
    <property name="LOGGED_APPLICATION_NAME" value="[largescale] "/>
  </properties>
  <testcase name="contextLoads" classname="com.waxjx.largescale.LargescaleApplicationTests" time="0.612">
    <system-out><![CDATA[15:05:03.868 [main] INFO org.springframework.test.context.support.AnnotationConfigContextLoaderUtils -- Could not detect default configuration classes for test class [com.waxjx.largescale.LargescaleApplicationTests]: LargescaleApplicationTests does not declare any static, non-private, non-final, nested classes annotated with @Configuration.
15:05:03.959 [main] INFO org.springframework.boot.test.context.SpringBootTestContextBootstrapper -- Found @SpringBootConfiguration com.waxjx.largescale.LargescaleApplication for test class com.waxjx.largescale.LargescaleApplicationTests

  .   ____          _            __ _ _
 /\\ / ___'_ __ _ _(_)_ __  __ _ \ \ \ \
( ( )\___ | '_ | '_| | '_ \/ _` | \ \ \ \
 \\/  ___)| |_)| | | | | || (_| |  ) ) ) )
  '  |____| .__|_| |_|_| |_\__, | / / / /
 =========|_|==============|___/=/_/_/_/

 :: Spring Boot ::                (v3.4.4)

2025-05-02T15:05:04.276+08:00  INFO 45492 --- [largescale] [           main] c.w.l.LargescaleApplicationTests         : Starting LargescaleApplicationTests using Java 18.0.2.1 with PID 45492 (started by ASUS in F:\users\Desktop\zheda\大三下课程\大规模信息系统构建技术导论\Dubbo学习\largescale)
2025-05-02T15:05:04.277+08:00  INFO 45492 --- [largescale] [           main] c.w.l.LargescaleApplicationTests         : No active profile set, falling back to 1 default profile: "default"
2025-05-02T15:05:05.699+08:00  INFO 45492 --- [largescale] [           main] c.w.l.LargescaleApplicationTests         : Started LargescaleApplicationTests in 1.622 seconds (process running for 2.333)
]]></system-out>
  </testcase>
</testsuite>